Build started 5/30/2016 8:16:21 PM.
     1>Project "C:\Users\dor71\Desktop\folders\MAGSHIMIM SEMESTER 3\C++\project!\GIT\project\project\project\project.vcxproj" on node 2 (Build target(s)).
     1>ClCompile:
         C:\Program Files (x86)\Microsoft Visual Studio 12.0\VC\bin\CL.exe /c /ZI /nologo /W3 /WX- /sdl /Od /Oy- /D _MBCS /Gm /EHsc /RTC1 /MDd /GS /fp:precise /Zc:wchar_t /Zc:forScope /Fo"Debug\\" /Fd"Debug\vc120.pdb" /Gd /TP /analyze- /errorReport:prompt Game.cpp RecivedMessage.cpp Room.cpp TriviaServer.cpp User.cpp Validator.cpp
         Validator.cpp
     1>c:\users\dor71\desktop\folders\magshimim semester 3\c++\project!\git\project\project\project\validator.h(9): error C2061: syntax error : identifier 'string'
     1>c:\users\dor71\desktop\folders\magshimim semester 3\c++\project!\git\project\project\project\validator.h(10): error C2061: syntax error : identifier 'string'
     1>c:\users\dor71\desktop\folders\magshimim semester 3\c++\project!\git\project\project\project\validator.cpp(5): error C2600: 'Validator::Validator' : cannot define a compiler-generated special member function (must be declared in the class first)
     1>c:\users\dor71\desktop\folders\magshimim semester 3\c++\project!\git\project\project\project\validator.cpp(10): error C2600: 'Validator::~Validator' : cannot define a compiler-generated special member function (must be declared in the class first)
         User.cpp
     1>c:\users\dor71\desktop\folders\magshimim semester 3\c++\project!\git\project\project\project\game.h(22): error C2065: 'User' : undeclared identifier
     1>c:\users\dor71\desktop\folders\magshimim semester 3\c++\project!\git\project\project\project\game.h(22): error C2059: syntax error : '>'
     1>c:\users\dor71\desktop\folders\magshimim semester 3\c++\project!\git\project\project\project\game.h(22): error C2976: 'std::vector' : too few template arguments
                 c:\program files (x86)\microsoft visual studio 12.0\vc\include\vector(650) : see declaration of 'std::vector'
                 c:\program files (x86)\microsoft visual studio 12.0\vc\include\vector(650) : see declaration of 'std::vector'
     1>c:\users\dor71\desktop\folders\magshimim semester 3\c++\project!\git\project\project\project\game.h(27): error C2061: syntax error : identifier 'User'
     1>c:\users\dor71\desktop\folders\magshimim semester 3\c++\project!\git\project\project\project\game.h(28): error C2061: syntax error : identifier 'User'
     1>c:\users\dor71\desktop\folders\magshimim semester 3\c++\project!\git\project\project\project\game.h(33): error C2065: 'User' : undeclared identifier
     1>c:\users\dor71\desktop\folders\magshimim semester 3\c++\project!\git\project\project\project\game.h(33): error C2059: syntax error : '>'
     1>c:\users\dor71\desktop\folders\magshimim semester 3\c++\project!\git\project\project\project\game.h(33): error C2976: 'std::vector' : too few template arguments
                 c:\program files (x86)\microsoft visual studio 12.0\vc\include\vector(650) : see declaration of 'std::vector'
     1>c:\users\dor71\desktop\folders\magshimim semester 3\c++\project!\git\project\project\project\recivedmessage.h(27): error C2143: syntax error : missing ';' before '*'
     1>c:\users\dor71\desktop\folders\magshimim semester 3\c++\project!\git\project\project\project\recivedmessage.h(27): error C4430: missing type specifier - int assumed. Note: C++ does not support default-int
     1>c:\users\dor71\desktop\folders\magshimim semester 3\c++\project!\git\project\project\project\recivedmessage.h(27): warning C4183: 'getUser': missing return type; assumed to be a member function returning 'int'
     1>c:\users\dor71\desktop\folders\magshimim semester 3\c++\project!\git\project\project\project\recivedmessage.h(28): error C2061: syntax error : identifier 'User'
     1>c:\users\dor71\desktop\folders\magshimim semester 3\c++\project!\git\project\project\project\recivedmessage.h(34): error C2143: syntax error : missing ';' before '*'
     1>c:\users\dor71\desktop\folders\magshimim semester 3\c++\project!\git\project\project\project\recivedmessage.h(34): error C4430: missing type specifier - int assumed. Note: C++ does not support default-int
     1>c:\users\dor71\desktop\folders\magshimim semester 3\c++\project!\git\project\project\project\room.h(22): error C2061: syntax error : identifier 'User'
     1>c:\users\dor71\desktop\folders\magshimim semester 3\c++\project!\git\project\project\project\room.h(23): error C2061: syntax error : identifier 'User'
     1>c:\users\dor71\desktop\folders\magshimim semester 3\c++\project!\git\project\project\project\room.h(24): error C2061: syntax error : identifier 'User'
     1>c:\users\dor71\desktop\folders\magshimim semester 3\c++\project!\git\project\project\project\room.h(25): error C2061: syntax error : identifier 'User'
     1>c:\users\dor71\desktop\folders\magshimim semester 3\c++\project!\git\project\project\project\room.h(26): error C2065: 'User' : undeclared identifier
     1>c:\users\dor71\desktop\folders\magshimim semester 3\c++\project!\git\project\project\project\room.h(26): error C2059: syntax error : '>'
     1>c:\users\dor71\desktop\folders\magshimim semester 3\c++\project!\git\project\project\project\room.h(26): error C2976: 'std::vector' : too few template arguments
                 c:\program files (x86)\microsoft visual studio 12.0\vc\include\vector(650) : see declaration of 'std::vector'
     1>c:\users\dor71\desktop\folders\magshimim semester 3\c++\project!\git\project\project\project\room.h(33): error C2065: 'User' : undeclared identifier
     1>c:\users\dor71\desktop\folders\magshimim semester 3\c++\project!\git\project\project\project\room.h(33): error C2059: syntax error : '>'
     1>c:\users\dor71\desktop\folders\magshimim semester 3\c++\project!\git\project\project\project\room.h(33): error C2976: 'std::vector' : too few template arguments
                 c:\program files (x86)\microsoft visual studio 12.0\vc\include\vector(650) : see declaration of 'std::vector'
     1>c:\users\dor71\desktop\folders\magshimim semester 3\c++\project!\git\project\project\project\room.h(34): error C2143: syntax error : missing ';' before '*'
     1>c:\users\dor71\desktop\folders\magshimim semester 3\c++\project!\git\project\project\project\room.h(34): error C4430: missing type specifier - int assumed. Note: C++ does not support default-int
     1>c:\users\dor71\desktop\folders\magshimim semester 3\c++\project!\git\project\project\project\room.h(41): error C2065: 'User' : undeclared identifier
     1>c:\users\dor71\desktop\folders\magshimim semester 3\c++\project!\git\project\project\project\room.h(41): error C2059: syntax error : '>'
     1>c:\users\dor71\desktop\folders\magshimim semester 3\c++\project!\git\project\project\project\room.h(41): error C2976: 'std::vector' : too few template arguments
                 c:\program files (x86)\microsoft visual studio 12.0\vc\include\vector(650) : see declaration of 'std::vector'
     1>c:\users\dor71\desktop\folders\magshimim semester 3\c++\project!\git\project\project\project\room.h(41): error C2061: syntax error : identifier 'User'
     1>c:\users\dor71\desktop\folders\magshimim semester 3\c++\project!\git\project\project\project\room.h(43): error C2061: syntax error : identifier 'User'
     1>c:\users\dor71\desktop\folders\magshimim semester 3\c++\project!\git\project\project\project\triviaserver.h(37): error C2065: 'User' : undeclared identifier
     1>c:\users\dor71\desktop\folders\magshimim semester 3\c++\project!\git\project\project\project\triviaserver.h(37): error C2059: syntax error : '>'
     1>c:\users\dor71\desktop\folders\magshimim semester 3\c++\project!\git\project\project\project\triviaserver.h(37): error C2976: 'std::map' : too few template arguments
                 c:\program files (x86)\microsoft visual studio 12.0\vc\include\map(69) : see declaration of 'std::map'
     1>c:\users\dor71\desktop\folders\magshimim semester 3\c++\project!\git\project\project\project\triviaserver.h(51): error C2143: syntax error : missing ';' before '*'
     1>c:\users\dor71\desktop\folders\magshimim semester 3\c++\project!\git\project\project\project\triviaserver.h(51): error C4430: missing type specifier - int assumed. Note: C++ does not support default-int
     1>c:\users\dor71\desktop\folders\magshimim semester 3\c++\project!\git\project\project\project\triviaserver.h(51): warning C4183: 'handleSignin': missing return type; assumed to be a member function returning 'int'
     1>c:\users\dor71\desktop\folders\magshimim semester 3\c++\project!\git\project\project\project\triviaserver.h(73): error C2143: syntax error : missing ';' before '*'
     1>c:\users\dor71\desktop\folders\magshimim semester 3\c++\project!\git\project\project\project\triviaserver.h(73): error C4430: missing type specifier - int assumed. Note: C++ does not support default-int
     1>c:\users\dor71\desktop\folders\magshimim semester 3\c++\project!\git\project\project\project\triviaserver.h(73): warning C4183: 'getUserByName': missing return type; assumed to be a member function returning 'int'
     1>c:\users\dor71\desktop\folders\magshimim semester 3\c++\project!\git\project\project\project\triviaserver.h(74): error C2143: syntax error : missing ';' before '*'
     1>c:\users\dor71\desktop\folders\magshimim semester 3\c++\project!\git\project\project\project\triviaserver.h(74): error C4430: missing type specifier - int assumed. Note: C++ does not support default-int
     1>c:\users\dor71\desktop\folders\magshimim semester 3\c++\project!\git\project\project\project\triviaserver.h(74): warning C4183: 'getUserBySocket': missing return type; assumed to be a member function returning 'int'
     1>c:\users\dor71\desktop\folders\magshimim semester 3\c++\project!\git\project\project\project\user.cpp(42): error C2660: 'Room::Room' : function does not take 6 arguments
     1>c:\users\dor71\desktop\folders\magshimim semester 3\c++\project!\git\project\project\project\user.cpp(71): error C2660: 'Room::leaveRoom' : function does not take 1 arguments
     1>c:\users\dor71\desktop\folders\magshimim semester 3\c++\project!\git\project\project\project\user.cpp(83): error C2660: 'Room::closeRoom' : function does not take 1 arguments
     1>c:\users\dor71\desktop\folders\magshimim semester 3\c++\project!\git\project\project\project\user.cpp(102): error C2660: 'Game::leaveGame' : function does not take 1 arguments
         TriviaServer.cpp
     1>c:\program files (x86)\windows kits\8.1\include\shared\ws2def.h(100): warning C4005: 'AF_IPX' : macro redefinition
                 c:\program files (x86)\windows kits\8.1\include\um\winsock.h(452) : see previous definition of 'AF_IPX'
     1>c:\program files (x86)\windows kits\8.1\include\shared\ws2def.h(140): warning C4005: 'AF_MAX' : macro redefinition
                 c:\program files (x86)\windows kits\8.1\include\um\winsock.h(471) : see previous definition of 'AF_MAX'
     1>c:\program files (x86)\windows kits\8.1\include\shared\ws2def.h(177): warning C4005: 'SO_DONTLINGER' : macro redefinition
                 c:\program files (x86)\windows kits\8.1\include\um\winsock.h(394) : see previous definition of 'SO_DONTLINGER'
     1>c:\program files (x86)\windows kits\8.1\include\shared\ws2def.h(221): error C2011: 'sockaddr' : 'struct' type redefinition
                 c:\program files (x86)\windows kits\8.1\include\um\winsock.h(477) : see declaration of 'sockaddr'
     1>c:\program files (x86)\windows kits\8.1\include\shared\ws2def.h(421): error C2059: syntax error : 'constant'
     1>c:\program files (x86)\windows kits\8.1\include\shared\ws2def.h(421): error C3805: 'constant': unexpected token, expected either '}' or a ','
     1>c:\program files (x86)\windows kits\8.1\include\shared\ws2def.h(556): warning C4005: 'IN_CLASSA' : macro redefinition
                 c:\program files (x86)\windows kits\8.1\include\um\winsock.h(279) : see previous definition of 'IN_CLASSA'
     1>c:\program files (x86)\windows kits\8.1\include\shared\ws2def.h(562): warning C4005: 'IN_CLASSB' : macro redefinition
                 c:\program files (x86)\windows kits\8.1\include\um\winsock.h(285) : see previous definition of 'IN_CLASSB'
     1>c:\program files (x86)\windows kits\8.1\include\shared\ws2def.h(568): warning C4005: 'IN_CLASSC' : macro redefinition
                 c:\program files (x86)\windows kits\8.1\include\um\winsock.h(291) : see previous definition of 'IN_CLASSC'
     1>c:\program files (x86)\windows kits\8.1\include\shared\ws2def.h(579): warning C4005: 'INADDR_ANY' : macro redefinition
                 c:\program files (x86)\windows kits\8.1\include\um\winsock.h(296) : see previous definition of 'INADDR_ANY'
     1>c:\program files (x86)\windows kits\8.1\include\shared\ws2def.h(581): warning C4005: 'INADDR_BROADCAST' : macro redefinition
                 c:\program files (x86)\windows kits\8.1\include\um\winsock.h(298) : see previous definition of 'INADDR_BROADCAST'
     1>c:\program files (x86)\windows kits\8.1\include\shared\ws2def.h(615): error C2011: 'sockaddr_in' : 'struct' type redefinition
                 c:\program files (x86)\windows kits\8.1\include\um\winsock.h(304) : see declaration of 'sockaddr_in'
     1>c:\program files (x86)\windows kits\8.1\include\um\winsock2.h(136): error C2011: 'fd_set' : 'struct' type redefinition
                 c:\program files (x86)\windows kits\8.1\include\um\winsock.h(60) : see declaration of 'fd_set'
     1>c:\program files (x86)\windows kits\8.1\include\um\winsock2.h(156): warning C4005: 'FD_CLR' : macro redefinition
                 c:\program files (x86)\windows kits\8.1\include\um\winsock.h(89) : see previous definition of 'FD_CLR'
     1>c:\program files (x86)\windows kits\8.1\include\um\winsock2.h(171): warning C4005: 'FD_SET' : macro redefinition
                 c:\program files (x86)\windows kits\8.1\include\um\winsock.h(94) : see previous definition of 'FD_SET'
     1>c:\program files (x86)\windows kits\8.1\include\um\winsock2.h(180): error C2011: 'timeval' : 'struct' type redefinition
                 c:\program files (x86)\windows kits\8.1\include\um\winsock.h(103) : see declaration of 'timeval'
     1>c:\program files (x86)\windows kits\8.1\include\um\winsock2.h(236): error C2011: 'hostent' : 'struct' type redefinition
                 c:\program files (x86)\windows kits\8.1\include\um\winsock.h(159) : see declaration of 'hostent'
     1>c:\program files (x86)\windows kits\8.1\include\um\winsock2.h(249): error C2011: 'netent' : 'struct' type redefinition
                 c:\program files (x86)\windows kits\8.1\include\um\winsock.h(172) : see declaration of 'netent'
     1>c:\program files (x86)\windows kits\8.1\include\um\winsock2.h(256): error C2011: 'servent' : 'struct' type redefinition
                 c:\program files (x86)\windows kits\8.1\include\um\winsock.h(179) : see declaration of 'servent'
     1>c:\program files (x86)\windows kits\8.1\include\um\winsock2.h(268): error C2011: 'protoent' : 'struct' type redefinition
                 c:\program files (x86)\windows kits\8.1\include\um\winsock.h(191) : see declaration of 'protoent'
     1>c:\program files (x86)\windows kits\8.1\include\um\winsock2.h(364): error C2011: 'WSAData' : 'struct' type redefinition
                 c:\program files (x86)\windows kits\8.1\include\um\winsock.h(314) : see declaration of 'WSAData'
     1>c:\program files (x86)\windows kits\8.1\include\um\winsock2.h(462): error C2011: 'sockproto' : 'struct' type redefinition
                 c:\program files (x86)\windows kits\8.1\include\um\winsock.h(486) : see declaration of 'sockproto'
     1>c:\program files (x86)\windows kits\8.1\include\um\winsock2.h(504): error C2011: 'linger' : 'struct' type redefinition
                 c:\program files (x86)\windows kits\8.1\include\um\winsock.h(523) : see declaration of 'linger'
     1>c:\program files (x86)\windows kits\8.1\include\um\winsock2.h(517): warning C4005: 'SOMAXCONN' : macro redefinition
                 c:\program files (x86)\windows kits\8.1\include\um\winsock.h(536) : see previous definition of 'SOMAXCONN'
     1>c:\program files (x86)\windows kits\8.1\include\um\winsock2.h(551): warning C4005: 'FD_READ' : macro redefinition
                 c:\program files (x86)\windows kits\8.1\include\um\winsock.h(554) : see previous definition of 'FD_READ'
     1>c:\program files (x86)\windows kits\8.1\include\um\winsock2.h(554): warning C4005: 'FD_WRITE' : macro redefinition
                 c:\program files (x86)\windows kits\8.1\include\um\winsock.h(555) : see previous definition of 'FD_WRITE'
     1>c:\program files (x86)\windows kits\8.1\include\um\winsock2.h(557): warning C4005: 'FD_OOB' : macro redefinition
                 c:\program files (x86)\windows kits\8.1\include\um\winsock.h(556) : see previous definition of 'FD_OOB'
     1>c:\program files (x86)\windows kits\8.1\include\um\winsock2.h(560): warning C4005: 'FD_ACCEPT' : macro redefinition
                 c:\program files (x86)\windows kits\8.1\include\um\winsock.h(557) : see previous definition of 'FD_ACCEPT'
     1>c:\program files (x86)\windows kits\8.1\include\um\winsock2.h(563): warning C4005: 'FD_CONNECT' : macro redefinition
                 c:\program files (x86)\windows kits\8.1\include\um\winsock.h(558) : see previous definition of 'FD_CONNECT'
     1>c:\program files (x86)\windows kits\8.1\include\um\winsock2.h(566): warning C4005: 'FD_CLOSE' : macro redefinition
                 c:\program files (x86)\windows kits\8.1\include\um\winsock.h(559) : see previous definition of 'FD_CLOSE'
     1>c:\program files (x86)\windows kits\8.1\include\um\winsock2.h(1650): error C2375: 'accept' : redefinition; different linkage
                 c:\program files (x86)\windows kits\8.1\include\um\winsock.h(734) : see declaration of 'accept'
     1>c:\program files (x86)\windows kits\8.1\include\um\winsock2.h(1672): error C2375: 'bind' : redefinition; different linkage
                 c:\program files (x86)\windows kits\8.1\include\um\winsock.h(739) : see declaration of 'bind'
     1>c:\program files (x86)\windows kits\8.1\include\um\winsock2.h(1691): error C2375: 'closesocket' : redefinition; different linkage
                 c:\program files (x86)\windows kits\8.1\include\um\winsock.h(744) : see declaration of 'closesocket'
     1>c:\program files (x86)\windows kits\8.1\include\um\winsock2.h(1710): error C2375: 'connect' : redefinition; different linkage
                 c:\program files (x86)\windows kits\8.1\include\um\winsock.h(746) : see declaration of 'connect'
     1>c:\program files (x86)\windows kits\8.1\include\um\winsock2.h(1731): error C2375: 'ioctlsocket' : redefinition; different linkage
                 c:\program files (x86)\windows kits\8.1\include\um\winsock.h(751) : see declaration of 'ioctlsocket'
     1>c:\program files (x86)\windows kits\8.1\include\um\winsock2.h(1752): error C2375: 'getpeername' : redefinition; different linkage
                 c:\program files (x86)\windows kits\8.1\include\um\winsock.h(756) : see declaration of 'getpeername'
     1>c:\program files (x86)\windows kits\8.1\include\um\winsock2.h(1773): error C2375: 'getsockname' : redefinition; different linkage
                 c:\program files (x86)\windows kits\8.1\include\um\winsock.h(761) : see declaration of 'getsockname'
     1>c:\program files (x86)\windows kits\8.1\include\um\winsock2.h(1796): error C2375: 'getsockopt' : redefinition; different linkage
                 c:\program files (x86)\windows kits\8.1\include\um\winsock.h(766) : see declaration of 'getsockopt'
     1>c:\program files (x86)\windows kits\8.1\include\um\winsock2.h(1817): error C2375: 'htonl' : redefinition; different linkage
                 c:\program files (x86)\windows kits\8.1\include\um\winsock.h(773) : see declaration of 'htonl'
     1>c:\program files (x86)\windows kits\8.1\include\um\winsock2.h(1834): error C2375: 'htons' : redefinition; different linkage
                 c:\program files (x86)\windows kits\8.1\include\um\winsock.h(775) : see declaration of 'htons'
     1>c:\program files (x86)\windows kits\8.1\include\um\winsock2.h(1852): error C2375: 'inet_addr' : redefinition; different linkage
                 c:\program files (x86)\windows kits\8.1\include\um\winsock.h(777) : see declaration of 'inet_addr'
     1>c:\program files (x86)\windows kits\8.1\include\um\winsock2.h(1870): error C2375: 'inet_ntoa' : redefinition; different linkage
                 c:\program files (x86)\windows kits\8.1\include\um\winsock.h(779) : see declaration of 'inet_ntoa'
     1>c:\program files (x86)\windows kits\8.1\include\um\winsock2.h(1971): error C2375: 'listen' : redefinition; different linkage
                 c:\program files (x86)\windows kits\8.1\include\um\winsock.h(781) : see declaration of 'listen'
     1>c:\program files (x86)\windows kits\8.1\include\um\winsock2.h(1989): error C2375: 'ntohl' : redefinition; different linkage
                 c:\program files (x86)\windows kits\8.1\include\um\winsock.h(785) : see declaration of 'ntohl'
     1>c:\program files (x86)\windows kits\8.1\include\um\winsock2.h(2006): error C2375: 'ntohs' : redefinition; different linkage
                 c:\program files (x86)\windows kits\8.1\include\um\winsock.h(787) : see declaration of 'ntohs'
     1>c:\program files (x86)\windows kits\8.1\include\um\winsock2.h(2026): error C2375: 'recv' : redefinition; different linkage
                 c:\program files (x86)\windows kits\8.1\include\um\winsock.h(789) : see declaration of 'recv'
     1>c:\program files (x86)\windows kits\8.1\include\um\winsock2.h(2051): error C2375: 'recvfrom' : redefinition; different linkage
                 c:\program files (x86)\windows kits\8.1\include\um\winsock.h(795) : see declaration of 'recvfrom'
     1>c:\program files (x86)\windows kits\8.1\include\um\winsock2.h(2077): error C2375: 'select' : redefinition; different linkage
                 c:\program files (x86)\windows kits\8.1\include\um\winsock.h(803) : see declaration of 'select'
     1>c:\program files (x86)\windows kits\8.1\include\um\winsock2.h(2101): error C2375: 'send' : redefinition; different linkage
                 c:\program files (x86)\windows kits\8.1\include\um\winsock.h(810) : see declaration of 'send'
     1>c:\program files (x86)\windows kits\8.1\include\um\winsock2.h(2126): error C2375: 'sendto' : redefinition; different linkage
                 c:\program files (x86)\windows kits\8.1\include\um\winsock.h(816) : see declaration of 'sendto'
     1>c:\program files (x86)\windows kits\8.1\include\um\winsock2.h(2152): error C2375: 'setsockopt' : redefinition; different linkage
                 c:\program files (x86)\windows kits\8.1\include\um\winsock.h(824) : see declaration of 'setsockopt'
     1>c:\program files (x86)\windows kits\8.1\include\um\winsock2.h(2174): error C2375: 'shutdown' : redefinition; different linkage
                 c:\program files (x86)\windows kits\8.1\include\um\winsock.h(831) : see declaration of 'shutdown'
     1>c:\program files (x86)\windows kits\8.1\include\um\winsock2.h(2195): error C2375: 'socket' : redefinition; different linkage
                 c:\program files (x86)\windows kits\8.1\include\um\winsock.h(835) : see declaration of 'socket'
     1>c:\program files (x86)\windows kits\8.1\include\um\winsock2.h(2220): error C2375: 'gethostbyaddr' : redefinition; different linkage
                 c:\program files (x86)\windows kits\8.1\include\um\winsock.h(842) : see declaration of 'gethostbyaddr'
     1>c:\program files (x86)\windows kits\8.1\include\um\winsock2.h(2240): error C2375: 'gethostbyname' : redefinition; different linkage
                 c:\program files (x86)\windows kits\8.1\include\um\winsock.h(847) : see declaration of 'gethostbyname'
     1>c:\program files (x86)\windows kits\8.1\include\um\winsock2.h(2258): error C2375: 'gethostname' : redefinition; different linkage
                 c:\program files (x86)\windows kits\8.1\include\um\winsock.h(849) : see declaration of 'gethostname'
     1>c:\program files (x86)\windows kits\8.1\include\um\winsock2.h(2298): error C2375: 'getservbyport' : redefinition; different linkage
                 c:\program files (x86)\windows kits\8.1\include\um\winsock.h(853) : see declaration of 'getservbyport'
     1>c:\program files (x86)\windows kits\8.1\include\um\winsock2.h(2317): error C2375: 'getservbyname' : redefinition; different linkage
                 c:\program files (x86)\windows kits\8.1\include\um\winsock.h(857) : see declaration of 'getservbyname'
     1>c:\program files (x86)\windows kits\8.1\include\um\winsock2.h(2335): error C2375: 'getprotobynumber' : redefinition; different linkage
                 c:\program files (x86)\windows kits\8.1\include\um\winsock.h(861) : see declaration of 'getprotobynumber'
     1>c:\program files (x86)\windows kits\8.1\include\um\winsock2.h(2352): error C2375: 'getprotobyname' : redefinition; different linkage
                 c:\program files (x86)\windows kits\8.1\include\um\winsock.h(863) : see declaration of 'getprotobyname'
     1>c:\program files (x86)\windows kits\8.1\include\um\winsock2.h(2373): error C2375: 'WSAStartup' : redefinition; different linkage
                 c:\program files (x86)\windows kits\8.1\include\um\winsock.h(867) : see declaration of 'WSAStartup'
     1>c:\program files (x86)\windows kits\8.1\include\um\winsock2.h(2392): error C2375: 'WSACleanup' : redefinition; different linkage
                 c:\program files (x86)\windows kits\8.1\include\um\winsock.h(871) : see declaration of 'WSACleanup'
     1>c:\program files (x86)\windows kits\8.1\include\um\winsock2.h(2409): error C2375: 'WSASetLastError' : redefinition; different linkage
                 c:\program files (x86)\windows kits\8.1\include\um\winsock.h(873) : see declaration of 'WSASetLastError'
     1>c:\program files (x86)\windows kits\8.1\include\um\winsock2.h(2426): error C2375: 'WSAGetLastError' : redefinition; different linkage
                 c:\program files (x86)\windows kits\8.1\include\um\winsock.h(875) : see declaration of 'WSAGetLastError'
     1>c:\program files (x86)\windows kits\8.1\include\um\winsock2.h(2447): error C2375: 'WSAIsBlocking' : redefinition; different linkage
                 c:\program files (x86)\windows kits\8.1\include\um\winsock.h(877) : see declaration of 'WSAIsBlocking'
     1>c:\program files (x86)\windows kits\8.1\include\um\winsock2.h(2465): error C2375: 'WSAUnhookBlockingHook' : redefinition; different linkage
                 c:\program files (x86)\windows kits\8.1\include\um\winsock.h(879) : see declaration of 'WSAUnhookBlockingHook'
     1>c:\program files (x86)\windows kits\8.1\include\um\winsock2.h(2483): error C2375: 'WSASetBlockingHook' : redefinition; different linkage
                 c:\program files (x86)\windows kits\8.1\include\um\winsock.h(881) : see declaration of 'WSASetBlockingHook'
     1>c:\program files (x86)\windows kits\8.1\include\um\winsock2.h(2501): error C2375: 'WSACancelBlockingCall' : redefinition; different linkage
                 c:\program files (x86)\windows kits\8.1\include\um\winsock.h(883) : see declaration of 'WSACancelBlockingCall'
     1>c:\program files (x86)\windows kits\8.1\include\um\winsock2.h(2524): error C2375: 'WSAAsyncGetServByName' : redefinition; different linkage
                 c:\program files (x86)\windows kits\8.1\include\um\winsock.h(885) : see declaration of 'WSAAsyncGetServByName'
     1>c:\program files (x86)\windows kits\8.1\include\um\winsock2.h(2552): error C2375: 'WSAAsyncGetServByPort' : redefinition; different linkage
                 c:\program files (x86)\windows kits\8.1\include\um\winsock.h(893) : see declaration of 'WSAAsyncGetServByPort'
     1>c:\program files (x86)\windows kits\8.1\include\um\winsock2.h(2579): error C2375: 'WSAAsyncGetProtoByName' : redefinition; different linkage
                 c:\program files (x86)\windows kits\8.1\include\um\winsock.h(901) : see declaration of 'WSAAsyncGetProtoByName'
     1>c:\program files (x86)\windows kits\8.1\include\um\winsock2.h(2605): error C2375: 'WSAAsyncGetProtoByNumber' : redefinition; different linkage
                 c:\program files (x86)\windows kits\8.1\include\um\winsock.h(908) : see declaration of 'WSAAsyncGetProtoByNumber'
     1>c:\program files (x86)\windows kits\8.1\include\um\winsock2.h(2631): error C2375: 'WSAAsyncGetHostByName' : redefinition; different linkage
                 c:\program files (x86)\windows kits\8.1\include\um\winsock.h(915) : see declaration of 'WSAAsyncGetHostByName'
     1>c:\program files (x86)\windows kits\8.1\include\um\winsock2.h(2659): error C2375: 'WSAAsyncGetHostByAddr' : redefinition; different linkage
                 c:\program files (x86)\windows kits\8.1\include\um\winsock.h(922) : see declaration of 'WSAAsyncGetHostByAddr'
     1>c:\program files (x86)\windows kits\8.1\include\um\winsock2.h(2683): error C2375: 'WSACancelAsyncRequest' : redefinition; different linkage
                 c:\program files (x86)\windows kits\8.1\include\um\winsock.h(931) : see declaration of 'WSACancelAsyncRequest'
     1>c:\program files (x86)\windows kits\8.1\include\um\winsock2.h(2704): error C2375: 'WSAAsyncSelect' : redefinition; different linkage
                 c:\program files (x86)\windows kits\8.1\include\um\winsock.h(933) : see declaration of 'WSAAsyncSelect'
     1>c:\users\dor71\desktop\folders\magshimim semester 3\c++\project!\git\project\project\project\game.h(22): error C2065: 'User' : undeclared identifier
     1>c:\users\dor71\desktop\folders\magshimim semester 3\c++\project!\git\project\project\project\game.h(22): error C2059: syntax error : '>'
     1>c:\users\dor71\desktop\folders\magshimim semester 3\c++\project!\git\project\project\project\game.h(22): error C2976: 'std::vector' : too few template arguments
                 c:\program files (x86)\microsoft visual studio 12.0\vc\include\vector(650) : see declaration of 'std::vector'
                 c:\program files (x86)\microsoft visual studio 12.0\vc\include\vector(650) : see declaration of 'std::vector'
     1>c:\users\dor71\desktop\folders\magshimim semester 3\c++\project!\git\project\project\project\game.h(27): error C2061: syntax error : identifier 'User'
     1>c:\users\dor71\desktop\folders\magshimim semester 3\c++\project!\git\project\project\project\game.h(28): error C2061: syntax error : identifier 'User'
     1>c:\users\dor71\desktop\folders\magshimim semester 3\c++\project!\git\project\project\project\game.h(33): error C2065: 'User' : undeclared identifier
     1>c:\users\dor71\desktop\folders\magshimim semester 3\c++\project!\git\project\project\project\game.h(33): error C2059: syntax error : '>'
     1>c:\users\dor71\desktop\folders\magshimim semester 3\c++\project!\git\project\project\project\game.h(33): error C2976: 'std::vector' : too few template arguments
                 c:\program files (x86)\microsoft visual studio 12.0\vc\include\vector(650) : see declaration of 'std::vector'
     1>c:\users\dor71\desktop\folders\magshimim semester 3\c++\project!\git\project\project\project\recivedmessage.h(27): error C2143: syntax error : missing ';' before '*'
     1>c:\users\dor71\desktop\folders\magshimim semester 3\c++\project!\git\project\project\project\recivedmessage.h(27): error C4430: missing type specifier - int assumed. Note: C++ does not support default-int
     1>c:\users\dor71\desktop\folders\magshimim semester 3\c++\project!\git\project\project\project\recivedmessage.h(27): warning C4183: 'getUser': missing return type; assumed to be a member function returning 'int'
     1>c:\users\dor71\desktop\folders\magshimim semester 3\c++\project!\git\project\project\project\recivedmessage.h(28): error C2061: syntax error : identifier 'User'
     1>c:\users\dor71\desktop\folders\magshimim semester 3\c++\project!\git\project\project\project\recivedmessage.h(34): error C2143: syntax error : missing ';' before '*'
     1>c:\users\dor71\desktop\folders\magshimim semester 3\c++\project!\git\project\project\project\recivedmessage.h(34): error C4430: missing type specifier - int assumed. Note: C++ does not support default-int
     1>c:\users\dor71\desktop\folders\magshimim semester 3\c++\project!\git\project\project\project\room.h(22): error C2061: syntax error : identifier 'User'
     1>c:\users\dor71\desktop\folders\magshimim semester 3\c++\project!\git\project\project\project\room.h(23): error C2061: syntax error : identifier 'User'
     1>c:\users\dor71\desktop\folders\magshimim semester 3\c++\project!\git\project\project\project\room.h(24): error C2061: syntax error : identifier 'User'
     1>c:\users\dor71\desktop\folders\magshimim semester 3\c++\project!\git\project\project\project\room.h(25): error C2061: syntax error : identifier 'User'
     1>c:\users\dor71\desktop\folders\magshimim semester 3\c++\project!\git\project\project\project\room.h(26): error C2065: 'User' : undeclared identifier
     1>c:\users\dor71\desktop\folders\magshimim semester 3\c++\project!\git\project\project\project\room.h(26): error C2059: syntax error : '>'
     1>c:\users\dor71\desktop\folders\magshimim semester 3\c++\project!\git\project\project\project\room.h(26): error C2976: 'std::vector' : too few template arguments
                 c:\program files (x86)\microsoft visual studio 12.0\vc\include\vector(650) : see declaration of 'std::vector'
     1>c:\users\dor71\desktop\folders\magshimim semester 3\c++\project!\git\project\project\project\room.h(33): error C2065: 'User' : undeclared identifier
     1>c:\users\dor71\desktop\folders\magshimim semester 3\c++\project!\git\project\project\project\room.h(33): error C2059: syntax error : '>'
     1>c:\users\dor71\desktop\folders\magshimim semester 3\c++\project!\git\project\project\project\room.h(33): error C2976: 'std::vector' : too few template arguments
                 c:\program files (x86)\microsoft visual studio 12.0\vc\include\vector(650) : see declaration of 'std::vector'
     1>c:\users\dor71\desktop\folders\magshimim semester 3\c++\project!\git\project\project\project\room.h(34): error C2143: syntax error : missing ';' before '*'
     1>c:\users\dor71\desktop\folders\magshimim semester 3\c++\project!\git\project\project\project\room.h(34): error C4430: missing type specifier - int assumed. Note: C++ does not support default-int
     1>c:\users\dor71\desktop\folders\magshimim semester 3\c++\project!\git\project\project\project\room.h(41): error C2065: 'User' : undeclared identifier
     1>c:\users\dor71\desktop\folders\magshimim semester 3\c++\project!\git\project\project\project\room.h(41): error C2059: syntax error : '>'
     1>c:\users\dor71\desktop\folders\magshimim semester 3\c++\project!\git\project\project\project\room.h(41): error C2976: 'std::vector' : too few template arguments
                 c:\program files (x86)\microsoft visual studio 12.0\vc\include\vector(650) : see declaration of 'std::vector'
     1>c:\users\dor71\desktop\folders\magshimim semester 3\c++\project!\git\project\project\project\room.h(41): error C2061: syntax error : identifier 'User'
     1>c:\users\dor71\desktop\folders\magshimim semester 3\c++\project!\git\project\project\project\room.h(43): error C2061: syntax error : identifier 'User'
     1>c:\users\dor71\desktop\folders\magshimim semester 3\c++\project!\git\project\project\project\triviaserver.cpp(20): error C3861: 'closesocket': identifier not found
     1>c:\users\dor71\desktop\folders\magshimim semester 3\c++\project!\git\project\project\project\triviaserver.cpp(21): error C3861: 'WSACleanup': identifier not found
     1>c:\users\dor71\desktop\folders\magshimim semester 3\c++\project!\git\project\project\project\triviaserver.cpp(28): error C2276: '&' : illegal operation on bound member function expression
     1>c:\users\dor71\desktop\folders\magshimim semester 3\c++\project!\git\project\project\project\triviaserver.cpp(44): error C2568: '=' : unable to resolve function overload
                 c:\program files (x86)\windows kits\8.1\include\um\winsock.h(734): could be 'SOCKET accept(SOCKET,sockaddr *,int *)'
     1>c:\users\dor71\desktop\folders\magshimim semester 3\c++\project!\git\project\project\project\triviaserver.cpp(44): error C3861: 'accept': identifier not found
     1>c:\users\dor71\desktop\folders\magshimim semester 3\c++\project!\git\project\project\project\triviaserver.cpp(46): error C3861: 'WSAGetLastError': identifier not found
     1>c:\users\dor71\desktop\folders\magshimim semester 3\c++\project!\git\project\project\project\triviaserver.cpp(47): error C3861: 'closesocket': identifier not found
     1>c:\users\dor71\desktop\folders\magshimim semester 3\c++\project!\git\project\project\project\triviaserver.cpp(48): error C3861: 'WSACleanup': identifier not found
     1>c:\users\dor71\desktop\folders\magshimim semester 3\c++\project!\git\project\project\project\triviaserver.cpp(51): error C2276: '&' : illegal operation on bound member function expression
     1>c:\users\dor71\desktop\folders\magshimim semester 3\c++\project!\git\project\project\project\triviaserver.cpp(57): error C2079: 'wsaData' uses undefined struct 'WSAData'
     1>c:\users\dor71\desktop\folders\magshimim semester 3\c++\project!\git\project\project\project\triviaserver.cpp(70): error C2568: '=' : unable to resolve function overload
                 c:\program files (x86)\windows kits\8.1\include\um\winsock.h(867): could be 'int WSAStartup(WORD,LPWSADATA)'
     1>c:\users\dor71\desktop\folders\magshimim semester 3\c++\project!\git\project\project\project\triviaserver.cpp(70): error C3861: 'WSAStartup': identifier not found
     1>c:\users\dor71\desktop\folders\magshimim semester 3\c++\project!\git\project\project\project\triviaserver.cpp(82): error C3861: 'getaddrinfo': identifier not found
     1>c:\users\dor71\desktop\folders\magshimim semester 3\c++\project!\git\project\project\project\triviaserver.cpp(88): error C2568: '=' : unable to resolve function overload
                 c:\program files (x86)\windows kits\8.1\include\um\winsock.h(835): could be 'SOCKET socket(int,int,int)'
     1>c:\users\dor71\desktop\folders\magshimim semester 3\c++\project!\git\project\project\project\triviaserver.cpp(88): error C3861: 'socket': identifier not found
     1>c:\users\dor71\desktop\folders\magshimim semester 3\c++\project!\git\project\project\project\triviaserver.cpp(88): fatal error C1003: error count exceeds 100; stopping compilation
         Room.cpp
     1>c:\users\dor71\desktop\folders\magshimim semester 3\c++\project!\git\project\project\project\game.h(22): error C2065: 'User' : undeclared identifier
     1>c:\users\dor71\desktop\folders\magshimim semester 3\c++\project!\git\project\project\project\game.h(22): error C2059: syntax error : '>'
     1>c:\users\dor71\desktop\folders\magshimim semester 3\c++\project!\git\project\project\project\game.h(22): error C2976: 'std::vector' : too few template arguments
                 c:\program files (x86)\microsoft visual studio 12.0\vc\include\vector(650) : see declaration of 'std::vector'
                 c:\program files (x86)\microsoft visual studio 12.0\vc\include\vector(650) : see declaration of 'std::vector'
     1>c:\users\dor71\desktop\folders\magshimim semester 3\c++\project!\git\project\project\project\game.h(27): error C2061: syntax error : identifier 'User'
     1>c:\users\dor71\desktop\folders\magshimim semester 3\c++\project!\git\project\project\project\game.h(28): error C2061: syntax error : identifier 'User'
     1>c:\users\dor71\desktop\folders\magshimim semester 3\c++\project!\git\project\project\project\game.h(33): error C2065: 'User' : undeclared identifier
     1>c:\users\dor71\desktop\folders\magshimim semester 3\c++\project!\git\project\project\project\game.h(33): error C2059: syntax error : '>'
     1>c:\users\dor71\desktop\folders\magshimim semester 3\c++\project!\git\project\project\project\game.h(33): error C2976: 'std::vector' : too few template arguments
                 c:\program files (x86)\microsoft visual studio 12.0\vc\include\vector(650) : see declaration of 'std::vector'
     1>c:\users\dor71\desktop\folders\magshimim semester 3\c++\project!\git\project\project\project\recivedmessage.h(27): error C2143: syntax error : missing ';' before '*'
     1>c:\users\dor71\desktop\folders\magshimim semester 3\c++\project!\git\project\project\project\recivedmessage.h(27): error C4430: missing type specifier - int assumed. Note: C++ does not support default-int
     1>c:\users\dor71\desktop\folders\magshimim semester 3\c++\project!\git\project\project\project\recivedmessage.h(27): warning C4183: 'getUser': missing return type; assumed to be a member function returning 'int'
     1>c:\users\dor71\desktop\folders\magshimim semester 3\c++\project!\git\project\project\project\recivedmessage.h(28): error C2061: syntax error : identifier 'User'
     1>c:\users\dor71\desktop\folders\magshimim semester 3\c++\project!\git\project\project\project\recivedmessage.h(34): error C2143: syntax error : missing ';' before '*'
     1>c:\users\dor71\desktop\folders\magshimim semester 3\c++\project!\git\project\project\project\recivedmessage.h(34): error C4430: missing type specifier - int assumed. Note: C++ does not support default-int
     1>c:\users\dor71\desktop\folders\magshimim semester 3\c++\project!\git\project\project\project\triviaserver.h(37): error C2065: 'User' : undeclared identifier
     1>c:\users\dor71\desktop\folders\magshimim semester 3\c++\project!\git\project\project\project\triviaserver.h(37): error C2059: syntax error : '>'
     1>c:\users\dor71\desktop\folders\magshimim semester 3\c++\project!\git\project\project\project\triviaserver.h(37): error C2976: 'std::map' : too few template arguments
                 c:\program files (x86)\microsoft visual studio 12.0\vc\include\map(69) : see declaration of 'std::map'
     1>c:\users\dor71\desktop\folders\magshimim semester 3\c++\project!\git\project\project\project\triviaserver.h(39): error C2065: 'Room' : undeclared identifier
     1>c:\users\dor71\desktop\folders\magshimim semester 3\c++\project!\git\project\project\project\triviaserver.h(39): error C2059: syntax error : '>'
     1>c:\users\dor71\desktop\folders\magshimim semester 3\c++\project!\git\project\project\project\triviaserver.h(39): error C2976: 'std::map' : too few template arguments
                 c:\program files (x86)\microsoft visual studio 12.0\vc\include\map(69) : see declaration of 'std::map'
     1>c:\users\dor71\desktop\folders\magshimim semester 3\c++\project!\git\project\project\project\triviaserver.h(51): error C2143: syntax error : missing ';' before '*'
     1>c:\users\dor71\desktop\folders\magshimim semester 3\c++\project!\git\project\project\project\triviaserver.h(51): error C4430: missing type specifier - int assumed. Note: C++ does not support default-int
     1>c:\users\dor71\desktop\folders\magshimim semester 3\c++\project!\git\project\project\project\triviaserver.h(51): warning C4183: 'handleSignin': missing return type; assumed to be a member function returning 'int'
     1>c:\users\dor71\desktop\folders\magshimim semester 3\c++\project!\git\project\project\project\triviaserver.h(73): error C2143: syntax error : missing ';' before '*'
     1>c:\users\dor71\desktop\folders\magshimim semester 3\c++\project!\git\project\project\project\triviaserver.h(73): error C4430: missing type specifier - int assumed. Note: C++ does not support default-int
     1>c:\users\dor71\desktop\folders\magshimim semester 3\c++\project!\git\project\project\project\triviaserver.h(73): warning C4183: 'getUserByName': missing return type; assumed to be a member function returning 'int'
     1>c:\users\dor71\desktop\folders\magshimim semester 3\c++\project!\git\project\project\project\triviaserver.h(74): error C2143: syntax error : missing ';' before '*'
     1>c:\users\dor71\desktop\folders\magshimim semester 3\c++\project!\git\project\project\project\triviaserver.h(74): error C4430: missing type specifier - int assumed. Note: C++ does not support default-int
     1>c:\users\dor71\desktop\folders\magshimim semester 3\c++\project!\git\project\project\project\triviaserver.h(74): warning C4183: 'getUserBySocket': missing return type; assumed to be a member function returning 'int'
     1>c:\users\dor71\desktop\folders\magshimim semester 3\c++\project!\git\project\project\project\triviaserver.h(75): error C2143: syntax error : missing ';' before '*'
     1>c:\users\dor71\desktop\folders\magshimim semester 3\c++\project!\git\project\project\project\triviaserver.h(75): error C4430: missing type specifier - int assumed. Note: C++ does not support default-int
     1>c:\users\dor71\desktop\folders\magshimim semester 3\c++\project!\git\project\project\project\triviaserver.h(75): warning C4183: 'getRoomByid': missing return type; assumed to be a member function returning 'int'
     1>c:\users\dor71\desktop\folders\magshimim semester 3\c++\project!\git\project\project\project\user.h(26): error C2143: syntax error : missing ';' before '*'
     1>c:\users\dor71\desktop\folders\magshimim semester 3\c++\project!\git\project\project\project\user.h(26): error C4430: missing type specifier - int assumed. Note: C++ does not support default-int
     1>c:\users\dor71\desktop\folders\magshimim semester 3\c++\project!\git\project\project\project\user.h(26): warning C4183: 'getRoom': missing return type; assumed to be a member function returning 'int'
     1>c:\users\dor71\desktop\folders\magshimim semester 3\c++\project!\git\project\project\project\user.h(32): error C2061: syntax error : identifier 'Room'
     1>c:\users\dor71\desktop\folders\magshimim semester 3\c++\project!\git\project\project\project\user.h(40): error C2143: syntax error : missing ';' before '*'
     1>c:\users\dor71\desktop\folders\magshimim semester 3\c++\project!\git\project\project\project\user.h(40): error C4430: missing type specifier - int assumed. Note: C++ does not support default-int
     1>c:\users\dor71\desktop\folders\magshimim semester 3\c++\project!\git\project\project\project\room.cpp(15): warning C4018: '<' : signed/unsigned mismatch
     1>c:\users\dor71\desktop\folders\magshimim semester 3\c++\project!\git\project\project\project\room.cpp(34): warning C4018: '<' : signed/unsigned mismatch
     1>c:\users\dor71\desktop\folders\magshimim semester 3\c++\project!\git\project\project\project\room.cpp(50): warning C4018: '<' : signed/unsigned mismatch
     1>c:\users\dor71\desktop\folders\magshimim semester 3\c++\project!\git\project\project\project\room.cpp(64): warning C4018: '<' : signed/unsigned mismatch
     1>c:\users\dor71\desktop\folders\magshimim semester 3\c++\project!\git\project\project\project\room.cpp(105): warning C4018: '<' : signed/unsigned mismatch
     1>c:\users\dor71\desktop\folders\magshimim semester 3\c++\project!\git\project\project\project\room.cpp(111): error C3867: 'std::vector<User *,std::allocator<_Ty>>::begin': function call missing argument list; use '&std::vector<User *,std::allocator<_Ty>>::begin' to create a pointer to member
                 with
                 [
                     _Ty=User *
                 ]
     1>c:\users\dor71\desktop\folders\magshimim semester 3\c++\project!\git\project\project\project\room.cpp(111): error C2664: 'std::_Vector_iterator<std::_Vector_val<std::_Simple_types<User *>>> std::vector<User *,std::allocator<_Ty>>::erase(std::_Vector_const_iterator<std::_Vector_val<std::_Simple_types<User *>>>,std::_Vector_const_iterator<std::_Vector_val<std::_Simple_types<User *>>>)' : cannot convert argument 1 from 'int' to 'std::_Vector_const_iterator<std::_Vector_val<std::_Simple_types<User *>>>'
                 with
                 [
                     _Ty=User *
                 ]
                 No constructor could take the source type, or constructor overload resolution was ambiguous
     1>c:\users\dor71\desktop\folders\magshimim semester 3\c++\project!\git\project\project\project\room.cpp(130): warning C4018: '<' : signed/unsigned mismatch
         RecivedMessage.cpp
     1>c:\users\dor71\desktop\folders\magshimim semester 3\c++\project!\git\project\project\project\game.h(22): error C2065: 'User' : undeclared identifier
     1>c:\users\dor71\desktop\folders\magshimim semester 3\c++\project!\git\project\project\project\game.h(22): error C2059: syntax error : '>'
     1>c:\users\dor71\desktop\folders\magshimim semester 3\c++\project!\git\project\project\project\game.h(22): error C2976: 'std::vector' : too few template arguments
                 c:\program files (x86)\microsoft visual studio 12.0\vc\include\vector(650) : see declaration of 'std::vector'
                 c:\program files (x86)\microsoft visual studio 12.0\vc\include\vector(650) : see declaration of 'std::vector'
     1>c:\users\dor71\desktop\folders\magshimim semester 3\c++\project!\git\project\project\project\game.h(27): error C2061: syntax error : identifier 'User'
     1>c:\users\dor71\desktop\folders\magshimim semester 3\c++\project!\git\project\project\project\game.h(28): error C2061: syntax error : identifier 'User'
     1>c:\users\dor71\desktop\folders\magshimim semester 3\c++\project!\git\project\project\project\game.h(33): error C2065: 'User' : undeclared identifier
     1>c:\users\dor71\desktop\folders\magshimim semester 3\c++\project!\git\project\project\project\game.h(33): error C2059: syntax error : '>'
     1>c:\users\dor71\desktop\folders\magshimim semester 3\c++\project!\git\project\project\project\game.h(33): error C2976: 'std::vector' : too few template arguments
                 c:\program files (x86)\microsoft visual studio 12.0\vc\include\vector(650) : see declaration of 'std::vector'
     1>c:\users\dor71\desktop\folders\magshimim semester 3\c++\project!\git\project\project\project\room.h(22): error C2061: syntax error : identifier 'User'
     1>c:\users\dor71\desktop\folders\magshimim semester 3\c++\project!\git\project\project\project\room.h(23): error C2061: syntax error : identifier 'User'
     1>c:\users\dor71\desktop\folders\magshimim semester 3\c++\project!\git\project\project\project\room.h(24): error C2061: syntax error : identifier 'User'
     1>c:\users\dor71\desktop\folders\magshimim semester 3\c++\project!\git\project\project\project\room.h(25): error C2061: syntax error : identifier 'User'
     1>c:\users\dor71\desktop\folders\magshimim semester 3\c++\project!\git\project\project\project\room.h(26): error C2065: 'User' : undeclared identifier
     1>c:\users\dor71\desktop\folders\magshimim semester 3\c++\project!\git\project\project\project\room.h(26): error C2059: syntax error : '>'
     1>c:\users\dor71\desktop\folders\magshimim semester 3\c++\project!\git\project\project\project\room.h(26): error C2976: 'std::vector' : too few template arguments
                 c:\program files (x86)\microsoft visual studio 12.0\vc\include\vector(650) : see declaration of 'std::vector'
     1>c:\users\dor71\desktop\folders\magshimim semester 3\c++\project!\git\project\project\project\room.h(33): error C2065: 'User' : undeclared identifier
     1>c:\users\dor71\desktop\folders\magshimim semester 3\c++\project!\git\project\project\project\room.h(33): error C2059: syntax error : '>'
     1>c:\users\dor71\desktop\folders\magshimim semester 3\c++\project!\git\project\project\project\room.h(33): error C2976: 'std::vector' : too few template arguments
                 c:\program files (x86)\microsoft visual studio 12.0\vc\include\vector(650) : see declaration of 'std::vector'
     1>c:\users\dor71\desktop\folders\magshimim semester 3\c++\project!\git\project\project\project\room.h(34): error C2143: syntax error : missing ';' before '*'
     1>c:\users\dor71\desktop\folders\magshimim semester 3\c++\project!\git\project\project\project\room.h(34): error C4430: missing type specifier - int assumed. Note: C++ does not support default-int
     1>c:\users\dor71\desktop\folders\magshimim semester 3\c++\project!\git\project\project\project\room.h(41): error C2065: 'User' : undeclared identifier
     1>c:\users\dor71\desktop\folders\magshimim semester 3\c++\project!\git\project\project\project\room.h(41): error C2059: syntax error : '>'
     1>c:\users\dor71\desktop\folders\magshimim semester 3\c++\project!\git\project\project\project\room.h(41): error C2976: 'std::vector' : too few template arguments
                 c:\program files (x86)\microsoft visual studio 12.0\vc\include\vector(650) : see declaration of 'std::vector'
     1>c:\users\dor71\desktop\folders\magshimim semester 3\c++\project!\git\project\project\project\room.h(41): error C2061: syntax error : identifier 'User'
     1>c:\users\dor71\desktop\folders\magshimim semester 3\c++\project!\git\project\project\project\room.h(43): error C2061: syntax error : identifier 'User'
     1>c:\users\dor71\desktop\folders\magshimim semester 3\c++\project!\git\project\project\project\triviaserver.h(42): error C2065: 'RecivedMessage' : undeclared identifier
     1>c:\users\dor71\desktop\folders\magshimim semester 3\c++\project!\git\project\project\project\triviaserver.h(42): error C2059: syntax error : '>'
     1>c:\users\dor71\desktop\folders\magshimim semester 3\c++\project!\git\project\project\project\triviaserver.h(42): error C2976: 'std::queue' : too few template arguments
                 c:\program files (x86)\microsoft visual studio 12.0\vc\include\queue(19) : see declaration of 'std::queue'
     1>c:\users\dor71\desktop\folders\magshimim semester 3\c++\project!\git\project\project\project\triviaserver.h(49): error C2061: syntax error : identifier 'RecivedMessage'
     1>c:\users\dor71\desktop\folders\magshimim semester 3\c++\project!\git\project\project\project\triviaserver.h(51): error C2061: syntax error : identifier 'RecivedMessage'
     1>c:\users\dor71\desktop\folders\magshimim semester 3\c++\project!\git\project\project\project\triviaserver.h(52): error C2061: syntax error : identifier 'RecivedMessage'
     1>c:\users\dor71\desktop\folders\magshimim semester 3\c++\project!\git\project\project\project\triviaserver.h(53): error C2061: syntax error : identifier 'RecivedMessage'
     1>c:\users\dor71\desktop\folders\magshimim semester 3\c++\project!\git\project\project\project\triviaserver.h(55): error C2061: syntax error : identifier 'RecivedMessage'
     1>c:\users\dor71\desktop\folders\magshimim semester 3\c++\project!\git\project\project\project\triviaserver.h(56): error C2061: syntax error : identifier 'RecivedMessage'
     1>c:\users\dor71\desktop\folders\magshimim semester 3\c++\project!\git\project\project\project\triviaserver.h(57): error C2061: syntax error : identifier 'RecivedMessage'
     1>c:\users\dor71\desktop\folders\magshimim semester 3\c++\project!\git\project\project\project\triviaserver.h(59): error C2061: syntax error : identifier 'RecivedMessage'
     1>c:\users\dor71\desktop\folders\magshimim semester 3\c++\project!\git\project\project\project\triviaserver.h(60): error C2061: syntax error : identifier 'RecivedMessage'
     1>c:\users\dor71\desktop\folders\magshimim semester 3\c++\project!\git\project\project\project\triviaserver.h(61): error C2061: syntax error : identifier 'RecivedMessage'
     1>c:\users\dor71\desktop\folders\magshimim semester 3\c++\project!\git\project\project\project\triviaserver.h(62): error C2061: syntax error : identifier 'RecivedMessage'
     1>c:\users\dor71\desktop\folders\magshimim semester 3\c++\project!\git\project\project\project\triviaserver.h(63): error C2061: syntax error : identifier 'RecivedMessage'
     1>c:\users\dor71\desktop\folders\magshimim semester 3\c++\project!\git\project\project\project\triviaserver.h(64): error C2061: syntax error : identifier 'RecivedMessage'
     1>c:\users\dor71\desktop\folders\magshimim semester 3\c++\project!\git\project\project\project\triviaserver.h(66): error C2061: syntax error : identifier 'RecivedMessage'
     1>c:\users\dor71\desktop\folders\magshimim semester 3\c++\project!\git\project\project\project\triviaserver.h(67): error C2061: syntax error : identifier 'RecivedMessage'
     1>c:\users\dor71\desktop\folders\magshimim semester 3\c++\project!\git\project\project\project\triviaserver.h(70): error C2061: syntax error : identifier 'RecivedMessage'
     1>c:\users\dor71\desktop\folders\magshimim semester 3\c++\project!\git\project\project\project\triviaserver.h(71): error C2143: syntax error : missing ';' before '*'
     1>c:\users\dor71\desktop\folders\magshimim semester 3\c++\project!\git\project\project\project\triviaserver.h(71): error C4430: missing type specifier - int assumed. Note: C++ does not support default-int
     1>c:\users\dor71\desktop\folders\magshimim semester 3\c++\project!\git\project\project\project\triviaserver.h(71): warning C4183: 'buildRecivedMessage': missing return type; assumed to be a member function returning 'int'
     1>c:\users\dor71\desktop\folders\magshimim semester 3\c++\project!\git\project\project\project\recivedmessage.cpp(10): error C2511: 'RecivedMessage::RecivedMessage(SOCKET,int,std::vector<std::string,std::allocator<_Ty>> &)' : overloaded member function not found in 'RecivedMessage'
                 with
                 [
                     _Ty=std::string
                 ]
                 c:\users\dor71\desktop\folders\magshimim semester 3\c++\project!\git\project\project\project\recivedmessage.h(21) : see declaration of 'RecivedMessage'
     1>c:\users\dor71\desktop\folders\magshimim semester 3\c++\project!\git\project\project\project\recivedmessage.cpp(11): error C2550: 'RecivedMessage::{ctor}' : constructor initializer lists are only allowed on constructor definitions
         Game.cpp
     1>c:\users\dor71\desktop\folders\magshimim semester 3\c++\project!\git\project\project\project\recivedmessage.h(27): error C2143: syntax error : missing ';' before '*'
     1>c:\users\dor71\desktop\folders\magshimim semester 3\c++\project!\git\project\project\project\recivedmessage.h(27): error C4430: missing type specifier - int assumed. Note: C++ does not support default-int
     1>c:\users\dor71\desktop\folders\magshimim semester 3\c++\project!\git\project\project\project\recivedmessage.h(27): warning C4183: 'getUser': missing return type; assumed to be a member function returning 'int'
     1>c:\users\dor71\desktop\folders\magshimim semester 3\c++\project!\git\project\project\project\recivedmessage.h(28): error C2061: syntax error : identifier 'User'
     1>c:\users\dor71\desktop\folders\magshimim semester 3\c++\project!\git\project\project\project\recivedmessage.h(34): error C2143: syntax error : missing ';' before '*'
     1>c:\users\dor71\desktop\folders\magshimim semester 3\c++\project!\git\project\project\project\recivedmessage.h(34): error C4430: missing type specifier - int assumed. Note: C++ does not support default-int
     1>c:\users\dor71\desktop\folders\magshimim semester 3\c++\project!\git\project\project\project\room.h(22): error C2061: syntax error : identifier 'User'
     1>c:\users\dor71\desktop\folders\magshimim semester 3\c++\project!\git\project\project\project\room.h(23): error C2061: syntax error : identifier 'User'
     1>c:\users\dor71\desktop\folders\magshimim semester 3\c++\project!\git\project\project\project\room.h(24): error C2061: syntax error : identifier 'User'
     1>c:\users\dor71\desktop\folders\magshimim semester 3\c++\project!\git\project\project\project\room.h(25): error C2061: syntax error : identifier 'User'
     1>c:\users\dor71\desktop\folders\magshimim semester 3\c++\project!\git\project\project\project\room.h(26): error C2065: 'User' : undeclared identifier
     1>c:\users\dor71\desktop\folders\magshimim semester 3\c++\project!\git\project\project\project\room.h(26): error C2059: syntax error : '>'
     1>c:\users\dor71\desktop\folders\magshimim semester 3\c++\project!\git\project\project\project\room.h(26): error C2976: 'std::vector' : too few template arguments
                 c:\program files (x86)\microsoft visual studio 12.0\vc\include\vector(650) : see declaration of 'std::vector'
     1>c:\users\dor71\desktop\folders\magshimim semester 3\c++\project!\git\project\project\project\room.h(33): error C2065: 'User' : undeclared identifier
     1>c:\users\dor71\desktop\folders\magshimim semester 3\c++\project!\git\project\project\project\room.h(33): error C2059: syntax error : '>'
     1>c:\users\dor71\desktop\folders\magshimim semester 3\c++\project!\git\project\project\project\room.h(33): error C2976: 'std::vector' : too few template arguments
                 c:\program files (x86)\microsoft visual studio 12.0\vc\include\vector(650) : see declaration of 'std::vector'
     1>c:\users\dor71\desktop\folders\magshimim semester 3\c++\project!\git\project\project\project\room.h(34): error C2143: syntax error : missing ';' before '*'
     1>c:\users\dor71\desktop\folders\magshimim semester 3\c++\project!\git\project\project\project\room.h(34): error C4430: missing type specifier - int assumed. Note: C++ does not support default-int
     1>c:\users\dor71\desktop\folders\magshimim semester 3\c++\project!\git\project\project\project\room.h(41): error C2065: 'User' : undeclared identifier
     1>c:\users\dor71\desktop\folders\magshimim semester 3\c++\project!\git\project\project\project\room.h(41): error C2059: syntax error : '>'
     1>c:\users\dor71\desktop\folders\magshimim semester 3\c++\project!\git\project\project\project\room.h(41): error C2976: 'std::vector' : too few template arguments
                 c:\program files (x86)\microsoft visual studio 12.0\vc\include\vector(650) : see declaration of 'std::vector'
     1>c:\users\dor71\desktop\folders\magshimim semester 3\c++\project!\git\project\project\project\room.h(41): error C2061: syntax error : identifier 'User'
     1>c:\users\dor71\desktop\folders\magshimim semester 3\c++\project!\git\project\project\project\room.h(43): error C2061: syntax error : identifier 'User'
     1>c:\users\dor71\desktop\folders\magshimim semester 3\c++\project!\git\project\project\project\user.h(27): error C2143: syntax error : missing ';' before '*'
     1>c:\users\dor71\desktop\folders\magshimim semester 3\c++\project!\git\project\project\project\user.h(27): error C4430: missing type specifier - int assumed. Note: C++ does not support default-int
     1>c:\users\dor71\desktop\folders\magshimim semester 3\c++\project!\git\project\project\project\user.h(27): warning C4183: 'getGame': missing return type; assumed to be a member function returning 'int'
     1>c:\users\dor71\desktop\folders\magshimim semester 3\c++\project!\git\project\project\project\user.h(28): error C2061: syntax error : identifier 'Game'
     1>c:\users\dor71\desktop\folders\magshimim semester 3\c++\project!\git\project\project\project\user.h(41): error C2143: syntax error : missing ';' before '*'
     1>c:\users\dor71\desktop\folders\magshimim semester 3\c++\project!\git\project\project\project\user.h(41): error C4430: missing type specifier - int assumed. Note: C++ does not support default-int
         Generating Code...
     1>Done Building Project "C:\Users\dor71\Desktop\folders\MAGSHIMIM SEMESTER 3\C++\project!\GIT\project\project\project\project.vcxproj" (Build target(s)) -- FAILED.

Build FAILED.

Time Elapsed 00:00:06.20
